{"total": {"lines":{"total":1012,"covered":948,"skipped":0,"pct":93.67},"statements":{"total":1014,"covered":950,"skipped":0,"pct":93.68},"functions":{"total":158,"covered":155,"skipped":0,"pct":98.1},"branches":{"total":429,"covered":346,"skipped":0,"pct":80.65},"branchesTrue":{"total":0,"covered":0,"skipped":0,"pct":100}}
,"/Users/satryawiguna/Documents/Practices/boo/boo/controllers/CommentController.js": {"lines":{"total":72,"covered":67,"skipped":0,"pct":93.05},"functions":{"total":11,"covered":11,"skipped":0,"pct":100},"statements":{"total":72,"covered":67,"skipped":0,"pct":93.05},"branches":{"total":27,"covered":22,"skipped":0,"pct":81.48}}
,"/Users/satryawiguna/Documents/Practices/boo/boo/controllers/ProfileController.js": {"lines":{"total":51,"covered":51,"skipped":0,"pct":100},"functions":{"total":7,"covered":7,"skipped":0,"pct":100},"statements":{"total":51,"covered":51,"skipped":0,"pct":100},"branches":{"total":18,"covered":18,"skipped":0,"pct":100}}
,"/Users/satryawiguna/Documents/Practices/boo/boo/controllers/VoteController.js": {"lines":{"total":120,"covered":112,"skipped":0,"pct":93.33},"functions":{"total":14,"covered":14,"skipped":0,"pct":100},"statements":{"total":120,"covered":112,"skipped":0,"pct":93.33},"branches":{"total":54,"covered":45,"skipped":0,"pct":83.33}}
,"/Users/satryawiguna/Documents/Practices/boo/boo/controllers/WebController.js": {"lines":{"total":18,"covered":18,"skipped":0,"pct":100},"functions":{"total":3,"covered":3,"skipped":0,"pct":100},"statements":{"total":18,"covered":18,"skipped":0,"pct":100},"branches":{"total":6,"covered":6,"skipped":0,"pct":100}}
,"/Users/satryawiguna/Documents/Practices/boo/boo/models/Comment.js": {"lines":{"total":42,"covered":24,"skipped":0,"pct":57.14},"functions":{"total":6,"covered":3,"skipped":0,"pct":50},"statements":{"total":42,"covered":24,"skipped":0,"pct":57.14},"branches":{"total":35,"covered":17,"skipped":0,"pct":48.57}}
,"/Users/satryawiguna/Documents/Practices/boo/boo/models/Profile.js": {"lines":{"total":16,"covered":16,"skipped":0,"pct":100},"functions":{"total":5,"covered":5,"skipped":0,"pct":100},"statements":{"total":16,"covered":16,"skipped":0,"pct":100},"branches":{"total":0,"covered":0,"skipped":0,"pct":100}}
,"/Users/satryawiguna/Documents/Practices/boo/boo/models/Vote.js": {"lines":{"total":34,"covered":34,"skipped":0,"pct":100},"functions":{"total":6,"covered":6,"skipped":0,"pct":100},"statements":{"total":34,"covered":34,"skipped":0,"pct":100},"branches":{"total":9,"covered":9,"skipped":0,"pct":100}}
,"/Users/satryawiguna/Documents/Practices/boo/boo/repositories/CommentRepository.js": {"lines":{"total":84,"covered":78,"skipped":0,"pct":92.85},"functions":{"total":11,"covered":11,"skipped":0,"pct":100},"statements":{"total":84,"covered":78,"skipped":0,"pct":92.85},"branches":{"total":29,"covered":26,"skipped":0,"pct":89.65}}
,"/Users/satryawiguna/Documents/Practices/boo/boo/repositories/ProfileRepository.js": {"lines":{"total":52,"covered":52,"skipped":0,"pct":100},"functions":{"total":9,"covered":9,"skipped":0,"pct":100},"statements":{"total":54,"covered":54,"skipped":0,"pct":100},"branches":{"total":12,"covered":10,"skipped":0,"pct":83.33}}
,"/Users/satryawiguna/Documents/Practices/boo/boo/repositories/VoteRepository.js": {"lines":{"total":82,"covered":82,"skipped":0,"pct":100},"functions":{"total":15,"covered":15,"skipped":0,"pct":100},"statements":{"total":82,"covered":82,"skipped":0,"pct":100},"branches":{"total":26,"covered":20,"skipped":0,"pct":76.92}}
,"/Users/satryawiguna/Documents/Practices/boo/boo/services/CommentService.js": {"lines":{"total":79,"covered":74,"skipped":0,"pct":93.67},"functions":{"total":15,"covered":15,"skipped":0,"pct":100},"statements":{"total":79,"covered":74,"skipped":0,"pct":93.67},"branches":{"total":50,"covered":35,"skipped":0,"pct":70}}
,"/Users/satryawiguna/Documents/Practices/boo/boo/services/ProfileService.js": {"lines":{"total":68,"covered":68,"skipped":0,"pct":100},"functions":{"total":10,"covered":10,"skipped":0,"pct":100},"statements":{"total":68,"covered":68,"skipped":0,"pct":100},"branches":{"total":38,"covered":36,"skipped":0,"pct":94.73}}
,"/Users/satryawiguna/Documents/Practices/boo/boo/services/VoteService.js": {"lines":{"total":109,"covered":89,"skipped":0,"pct":81.65},"functions":{"total":13,"covered":13,"skipped":0,"pct":100},"statements":{"total":109,"covered":89,"skipped":0,"pct":81.65},"branches":{"total":64,"covered":45,"skipped":0,"pct":70.31}}
,"/Users/satryawiguna/Documents/Practices/boo/boo/validators/CommentValidator.js": {"lines":{"total":51,"covered":51,"skipped":0,"pct":100},"functions":{"total":8,"covered":8,"skipped":0,"pct":100},"statements":{"total":51,"covered":51,"skipped":0,"pct":100},"branches":{"total":19,"covered":18,"skipped":0,"pct":94.73}}
,"/Users/satryawiguna/Documents/Practices/boo/boo/validators/ProfileValidator.js": {"lines":{"total":44,"covered":44,"skipped":0,"pct":100},"functions":{"total":7,"covered":7,"skipped":0,"pct":100},"statements":{"total":44,"covered":44,"skipped":0,"pct":100},"branches":{"total":10,"covered":10,"skipped":0,"pct":100}}
,"/Users/satryawiguna/Documents/Practices/boo/boo/validators/VoteValidator.js": {"lines":{"total":90,"covered":88,"skipped":0,"pct":97.77},"functions":{"total":18,"covered":18,"skipped":0,"pct":100},"statements":{"total":90,"covered":88,"skipped":0,"pct":97.77},"branches":{"total":32,"covered":29,"skipped":0,"pct":90.62}}
}
