{"total": {"lines":{"total":1012,"covered":24,"skipped":0,"pct":2.37},"statements":{"total":1014,"covered":24,"skipped":0,"pct":2.36},"functions":{"total":158,"covered":3,"skipped":0,"pct":1.89},"branches":{"total":429,"covered":17,"skipped":0,"pct":3.96},"branchesTrue":{"total":0,"covered":0,"skipped":0,"pct":100}}
,"/Users/satryawiguna/Documents/Practices/boo/boo/controllers/CommentController.js": {"lines":{"total":72,"covered":0,"skipped":0,"pct":0},"functions":{"total":11,"covered":0,"skipped":0,"pct":0},"statements":{"total":72,"covered":0,"skipped":0,"pct":0},"branches":{"total":27,"covered":0,"skipped":0,"pct":0}}
,"/Users/satryawiguna/Documents/Practices/boo/boo/controllers/ProfileController.js": {"lines":{"total":51,"covered":0,"skipped":0,"pct":0},"functions":{"total":7,"covered":0,"skipped":0,"pct":0},"statements":{"total":51,"covered":0,"skipped":0,"pct":0},"branches":{"total":18,"covered":0,"skipped":0,"pct":0}}
,"/Users/satryawiguna/Documents/Practices/boo/boo/controllers/VoteController.js": {"lines":{"total":120,"covered":0,"skipped":0,"pct":0},"functions":{"total":14,"covered":0,"skipped":0,"pct":0},"statements":{"total":120,"covered":0,"skipped":0,"pct":0},"branches":{"total":54,"covered":0,"skipped":0,"pct":0}}
,"/Users/satryawiguna/Documents/Practices/boo/boo/controllers/WebController.js": {"lines":{"total":18,"covered":0,"skipped":0,"pct":0},"functions":{"total":3,"covered":0,"skipped":0,"pct":0},"statements":{"total":18,"covered":0,"skipped":0,"pct":0},"branches":{"total":6,"covered":0,"skipped":0,"pct":0}}
,"/Users/satryawiguna/Documents/Practices/boo/boo/models/Comment.js": {"lines":{"total":42,"covered":24,"skipped":0,"pct":57.14},"functions":{"total":6,"covered":3,"skipped":0,"pct":50},"statements":{"total":42,"covered":24,"skipped":0,"pct":57.14},"branches":{"total":35,"covered":17,"skipped":0,"pct":48.57}}
,"/Users/satryawiguna/Documents/Practices/boo/boo/models/Profile.js": {"lines":{"total":16,"covered":0,"skipped":0,"pct":0},"functions":{"total":5,"covered":0,"skipped":0,"pct":0},"statements":{"total":16,"covered":0,"skipped":0,"pct":0},"branches":{"total":0,"covered":0,"skipped":0,"pct":100}}
,"/Users/satryawiguna/Documents/Practices/boo/boo/models/Vote.js": {"lines":{"total":34,"covered":0,"skipped":0,"pct":0},"functions":{"total":6,"covered":0,"skipped":0,"pct":0},"statements":{"total":34,"covered":0,"skipped":0,"pct":0},"branches":{"total":9,"covered":0,"skipped":0,"pct":0}}
,"/Users/satryawiguna/Documents/Practices/boo/boo/repositories/CommentRepository.js": {"lines":{"total":84,"covered":0,"skipped":0,"pct":0},"functions":{"total":11,"covered":0,"skipped":0,"pct":0},"statements":{"total":84,"covered":0,"skipped":0,"pct":0},"branches":{"total":29,"covered":0,"skipped":0,"pct":0}}
,"/Users/satryawiguna/Documents/Practices/boo/boo/repositories/ProfileRepository.js": {"lines":{"total":52,"covered":0,"skipped":0,"pct":0},"functions":{"total":9,"covered":0,"skipped":0,"pct":0},"statements":{"total":54,"covered":0,"skipped":0,"pct":0},"branches":{"total":12,"covered":0,"skipped":0,"pct":0}}
,"/Users/satryawiguna/Documents/Practices/boo/boo/repositories/VoteRepository.js": {"lines":{"total":82,"covered":0,"skipped":0,"pct":0},"functions":{"total":15,"covered":0,"skipped":0,"pct":0},"statements":{"total":82,"covered":0,"skipped":0,"pct":0},"branches":{"total":26,"covered":0,"skipped":0,"pct":0}}
,"/Users/satryawiguna/Documents/Practices/boo/boo/services/CommentService.js": {"lines":{"total":79,"covered":0,"skipped":0,"pct":0},"functions":{"total":15,"covered":0,"skipped":0,"pct":0},"statements":{"total":79,"covered":0,"skipped":0,"pct":0},"branches":{"total":50,"covered":0,"skipped":0,"pct":0}}
,"/Users/satryawiguna/Documents/Practices/boo/boo/services/ProfileService.js": {"lines":{"total":68,"covered":0,"skipped":0,"pct":0},"functions":{"total":10,"covered":0,"skipped":0,"pct":0},"statements":{"total":68,"covered":0,"skipped":0,"pct":0},"branches":{"total":38,"covered":0,"skipped":0,"pct":0}}
,"/Users/satryawiguna/Documents/Practices/boo/boo/services/VoteService.js": {"lines":{"total":109,"covered":0,"skipped":0,"pct":0},"functions":{"total":13,"covered":0,"skipped":0,"pct":0},"statements":{"total":109,"covered":0,"skipped":0,"pct":0},"branches":{"total":64,"covered":0,"skipped":0,"pct":0}}
,"/Users/satryawiguna/Documents/Practices/boo/boo/validators/CommentValidator.js": {"lines":{"total":51,"covered":0,"skipped":0,"pct":0},"functions":{"total":8,"covered":0,"skipped":0,"pct":0},"statements":{"total":51,"covered":0,"skipped":0,"pct":0},"branches":{"total":19,"covered":0,"skipped":0,"pct":0}}
,"/Users/satryawiguna/Documents/Practices/boo/boo/validators/ProfileValidator.js": {"lines":{"total":44,"covered":0,"skipped":0,"pct":0},"functions":{"total":7,"covered":0,"skipped":0,"pct":0},"statements":{"total":44,"covered":0,"skipped":0,"pct":0},"branches":{"total":10,"covered":0,"skipped":0,"pct":0}}
,"/Users/satryawiguna/Documents/Practices/boo/boo/validators/VoteValidator.js": {"lines":{"total":90,"covered":0,"skipped":0,"pct":0},"functions":{"total":18,"covered":0,"skipped":0,"pct":0},"statements":{"total":90,"covered":0,"skipped":0,"pct":0},"branches":{"total":32,"covered":0,"skipped":0,"pct":0}}
}
