TN:
SF:controllers/CommentController.js
FN:22,(anonymous_0)
FN:26,(anonymous_1)
FN:45,(anonymous_2)
FN:72,(anonymous_3)
FN:95,(anonymous_4)
FN:114,(anonymous_5)
FN:148,(anonymous_6)
FN:179,(anonymous_7)
FN:189,(anonymous_8)
FN:209,(anonymous_9)
FN:217,(anonymous_10)
FNF:11
FNH:11
FNDA:28,(anonymous_0)
FNDA:3,(anonymous_1)
FNDA:4,(anonymous_2)
FNDA:2,(anonymous_3)
FNDA:2,(anonymous_4)
FNDA:3,(anonymous_5)
FNDA:3,(anonymous_6)
FNDA:2,(anonymous_7)
FNDA:4,(anonymous_8)
FNDA:3,(anonymous_9)
FNDA:2,(anonymous_10)
DA:3,1
DA:23,28
DA:27,3
DA:28,3
DA:29,1
DA:31,2
DA:33,2
DA:34,1
DA:41,1
DA:46,4
DA:47,4
DA:49,2
DA:50,1
DA:56,1
DA:58,2
DA:60,2
DA:61,1
DA:68,1
DA:73,2
DA:74,2
DA:79,1
DA:81,1
DA:83,1
DA:84,1
DA:91,0
DA:96,2
DA:97,2
DA:98,1
DA:100,1
DA:102,1
DA:103,1
DA:110,0
DA:115,3
DA:116,3
DA:121,2
DA:122,1
DA:128,1
DA:134,1
DA:136,1
DA:137,1
DA:144,0
DA:149,3
DA:150,3
DA:152,2
DA:153,1
DA:159,1
DA:165,1
DA:167,1
DA:168,1
DA:175,0
DA:180,2
DA:181,2
DA:182,1
DA:184,1
DA:185,1
DA:190,4
DA:191,4
DA:192,4
DA:193,3
DA:195,1
DA:197,1
DA:198,1
DA:205,0
DA:210,3
DA:211,3
DA:214,3
DA:218,2
DA:219,2
DA:220,1
DA:227,1
DA:228,1
DA:238,1
LF:72
LH:67
BRDA:33,0,0,1
BRDA:33,0,1,1
BRDA:49,1,0,1
BRDA:49,1,1,1
BRDA:60,2,0,1
BRDA:60,2,1,1
BRDA:83,3,0,1
BRDA:83,3,1,0
BRDA:102,4,0,1
BRDA:102,4,1,0
BRDA:121,5,0,1
BRDA:121,5,1,1
BRDA:136,6,0,1
BRDA:136,6,1,0
BRDA:152,7,0,1
BRDA:152,7,1,1
BRDA:167,8,0,1
BRDA:167,8,1,0
BRDA:191,9,0,4
BRDA:191,9,1,2
BRDA:191,9,2,1
BRDA:197,10,0,1
BRDA:197,10,1,0
BRDA:211,11,0,1
BRDA:211,11,1,2
BRDA:214,12,0,3
BRDA:214,12,1,1
BRF:27
BRH:22
end_of_record
TN:
SF:controllers/ProfileController.js
FN:22,(anonymous_0)
FN:26,(anonymous_1)
FN:45,(anonymous_2)
FN:72,(anonymous_3)
FN:99,(anonymous_4)
FN:133,(anonymous_5)
FN:164,(anonymous_6)
FNF:7
FNH:7
FNDA:26,(anonymous_0)
FNDA:3,(anonymous_1)
FNDA:8,(anonymous_2)
FNDA:4,(anonymous_3)
FNDA:4,(anonymous_4)
FNDA:4,(anonymous_5)
FNDA:3,(anonymous_6)
DA:3,1
DA:23,26
DA:27,3
DA:28,3
DA:29,1
DA:31,2
DA:33,2
DA:34,1
DA:41,1
DA:46,8
DA:47,8
DA:49,6
DA:50,3
DA:56,3
DA:58,2
DA:60,2
DA:61,1
DA:68,1
DA:73,4
DA:74,4
DA:75,1
DA:77,3
DA:79,3
DA:80,1
DA:87,2
DA:88,1
DA:95,1
DA:100,4
DA:101,4
DA:106,2
DA:107,1
DA:113,1
DA:119,2
DA:121,2
DA:122,1
DA:129,1
DA:134,4
DA:135,4
DA:137,2
DA:138,1
DA:144,1
DA:150,2
DA:152,2
DA:153,1
DA:160,1
DA:165,3
DA:166,3
DA:167,1
DA:169,2
DA:170,2
DA:175,1
LF:51
LH:51
BRDA:33,0,0,1
BRDA:33,0,1,1
BRDA:49,1,0,3
BRDA:49,1,1,3
BRDA:60,2,0,1
BRDA:60,2,1,1
BRDA:79,3,0,1
BRDA:79,3,1,2
BRDA:87,4,0,1
BRDA:87,4,1,1
BRDA:106,5,0,1
BRDA:106,5,1,1
BRDA:121,6,0,1
BRDA:121,6,1,1
BRDA:137,7,0,1
BRDA:137,7,1,1
BRDA:152,8,0,1
BRDA:152,8,1,1
BRF:18
BRH:18
end_of_record
TN:
SF:controllers/VoteController.js
FN:22,(anonymous_0)
FN:26,(anonymous_1)
FN:68,(anonymous_2)
FN:107,(anonymous_3)
FN:142,(anonymous_4)
FN:166,(anonymous_5)
FN:194,(anonymous_6)
FN:218,(anonymous_7)
FN:244,(anonymous_8)
FN:270,(anonymous_9)
FN:296,(anonymous_10)
FN:315,(anonymous_11)
FN:365,(anonymous_12)
FN:378,(anonymous_13)
FNF:14
FNH:14
FNDA:42,(anonymous_0)
FNDA:7,(anonymous_1)
FNDA:3,(anonymous_2)
FNDA:3,(anonymous_3)
FNDA:2,(anonymous_4)
FNDA:3,(anonymous_5)
FNDA:2,(anonymous_6)
FNDA:3,(anonymous_7)
FNDA:3,(anonymous_8)
FNDA:3,(anonymous_9)
FNDA:2,(anonymous_10)
FNDA:4,(anonymous_11)
FNDA:24,(anonymous_12)
FNDA:2,(anonymous_13)
DA:3,1
DA:23,42
DA:27,7
DA:28,7
DA:29,7
DA:35,7
DA:37,3
DA:38,3
DA:40,4
DA:42,4
DA:43,1
DA:50,3
DA:51,1
DA:57,2
DA:58,1
DA:64,1
DA:69,3
DA:70,3
DA:71,3
DA:73,3
DA:79,2
DA:80,1
DA:87,1
DA:93,1
DA:95,1
DA:96,1
DA:103,0
DA:108,3
DA:109,3
DA:110,3
DA:112,3
DA:118,2
DA:119,1
DA:126,1
DA:128,1
DA:130,1
DA:131,1
DA:138,0
DA:143,2
DA:144,2
DA:145,2
DA:150,1
DA:152,1
DA:154,1
DA:155,1
DA:162,0
DA:167,3
DA:168,3
DA:169,3
DA:171,1
DA:173,2
DA:175,2
DA:176,1
DA:183,1
DA:184,1
DA:190,0
DA:195,2
DA:196,2
DA:197,2
DA:202,1
DA:204,1
DA:206,1
DA:207,1
DA:214,0
DA:219,3
DA:220,3
DA:221,3
DA:223,3
DA:228,2
DA:230,1
DA:232,1
DA:233,1
DA:240,0
DA:245,3
DA:246,3
DA:247,3
DA:251,2
DA:253,1
DA:258,1
DA:259,1
DA:266,0
DA:271,3
DA:272,3
DA:273,3
DA:275,3
DA:280,2
DA:282,1
DA:284,1
DA:285,1
DA:292,0
DA:297,2
DA:298,2
DA:300,1
DA:306,1
DA:310,1
DA:316,4
DA:317,4
DA:319,3
DA:320,1
DA:326,2
DA:327,2
DA:329,2
DA:330,4
DA:331,4
DA:338,3
DA:340,1
DA:348,2
DA:360,1
DA:361,1
DA:366,24
DA:367,24
DA:370,24
DA:373,24
DA:374,24
DA:379,2
DA:380,2
DA:381,1
DA:388,1
DA:389,1
DA:399,1
LF:120
LH:112
BRDA:32,0,0,7
BRDA:32,0,1,2
BRDA:37,1,0,1
BRDA:37,1,1,2
BRDA:42,2,0,1
BRDA:42,2,1,3
BRDA:50,3,0,1
BRDA:50,3,1,2
BRDA:57,4,0,1
BRDA:57,4,1,1
BRDA:79,5,0,1
BRDA:79,5,1,1
BRDA:95,6,0,1
BRDA:95,6,1,0
BRDA:118,7,0,1
BRDA:118,7,1,1
BRDA:130,8,0,1
BRDA:130,8,1,0
BRDA:154,9,0,1
BRDA:154,9,1,0
BRDA:175,10,0,1
BRDA:175,10,1,1
BRDA:183,11,0,1
BRDA:183,11,1,0
BRDA:206,12,0,1
BRDA:206,12,1,0
BRDA:221,13,0,3
BRDA:221,13,1,2
BRDA:232,14,0,1
BRDA:232,14,1,0
BRDA:246,15,0,3
BRDA:246,15,1,1
BRDA:258,16,0,1
BRDA:258,16,1,0
BRDA:272,17,0,3
BRDA:272,17,1,1
BRDA:273,18,0,3
BRDA:273,18,1,2
BRDA:284,19,0,1
BRDA:284,19,1,0
BRDA:319,20,0,1
BRDA:319,20,1,2
BRDA:335,21,0,4
BRDA:335,21,1,4
BRDA:336,22,0,4
BRDA:336,22,1,0
BRDA:343,23,0,1
BRDA:343,23,1,1
BRDA:367,24,0,22
BRDA:367,24,1,2
BRDA:370,25,0,24
BRDA:370,25,1,1
BRDA:373,26,0,24
BRDA:373,26,1,1
BRF:54
BRH:45
end_of_record
TN:
SF:controllers/WebController.js
FN:6,(anonymous_0)
FN:10,(anonymous_1)
FN:32,(anonymous_2)
FNF:3
FNH:3
FNDA:22,(anonymous_0)
FNDA:20,(anonymous_1)
FNDA:7,(anonymous_2)
DA:3,1
DA:7,22
DA:11,20
DA:12,20
DA:13,20
DA:18,18
DA:19,10
DA:25,8
DA:27,2
DA:28,2
DA:33,7
DA:34,7
DA:36,4
DA:37,2
DA:43,2
DA:45,3
DA:46,3
DA:51,1
LF:18
LH:18
BRDA:12,0,0,17
BRDA:12,0,1,3
BRDA:18,1,0,10
BRDA:18,1,1,8
BRDA:36,2,0,2
BRDA:36,2,1,2
BRF:6
BRH:6
end_of_record
TN:
SF:models/Comment.js
FN:62,(anonymous_0)
FN:89,(anonymous_1)
FN:111,(anonymous_2)
FN:115,(anonymous_3)
FN:137,(anonymous_4)
FN:151,(anonymous_5)
FNF:6
FNH:3
FNDA:0,(anonymous_0)
FNDA:0,(anonymous_1)
FNDA:0,(anonymous_2)
FNDA:3,(anonymous_3)
FNDA:9,(anonymous_4)
FNDA:7,(anonymous_5)
DA:3,4
DA:5,4
DA:63,0
DA:64,0
DA:67,0
DA:70,0
DA:75,0
DA:76,0
DA:78,0
DA:84,4
DA:85,4
DA:86,4
DA:87,4
DA:89,4
DA:90,0
DA:92,0
DA:94,0
DA:95,0
DA:97,0
DA:100,0
DA:101,0
DA:104,0
DA:105,0
DA:108,0
DA:111,4
DA:112,0
DA:115,4
DA:116,3
DA:137,4
DA:141,9
DA:142,1
DA:146,9
DA:147,9
DA:148,9
DA:151,4
DA:155,7
DA:156,1
DA:160,6
DA:161,6
DA:162,4
DA:163,4
DA:167,4
LF:42
LH:24
BRDA:63,0,0,0
BRDA:63,0,1,0
BRDA:64,1,0,0
BRDA:64,1,1,0
BRDA:67,2,0,0
BRDA:67,2,1,0
BRDA:70,3,0,0
BRDA:70,3,1,0
BRDA:89,4,0,0
BRDA:94,5,0,0
BRDA:94,5,1,0
BRDA:100,6,0,0
BRDA:100,6,1,0
BRDA:104,7,0,0
BRDA:104,7,1,0
BRDA:123,8,0,3
BRDA:123,8,1,0
BRDA:124,9,0,3
BRDA:124,9,1,0
BRDA:127,10,0,3
BRDA:127,10,1,0
BRDA:141,11,0,1
BRDA:141,11,1,8
BRDA:146,12,0,9
BRDA:146,12,1,6
BRDA:148,13,0,9
BRDA:148,13,1,3
BRDA:155,14,0,1
BRDA:155,14,1,6
BRDA:160,15,0,6
BRDA:160,15,1,2
BRDA:161,16,0,4
BRDA:161,16,1,2
BRDA:163,17,0,4
BRDA:163,17,1,1
BRF:35
BRH:17
end_of_record
TN:
SF:models/Profile.js
FN:26,(anonymous_0)
FN:65,(anonymous_1)
FN:76,(anonymous_2)
FN:92,(anonymous_3)
FN:96,(anonymous_4)
FNF:5
FNH:5
FNDA:56,(anonymous_0)
FNDA:57,(anonymous_1)
FNDA:3,(anonymous_2)
FNDA:3,(anonymous_3)
FNDA:4,(anonymous_4)
DA:3,2
DA:5,2
DA:27,56
DA:66,57
DA:77,3
DA:79,3
DA:80,3
DA:81,3
DA:83,3
DA:89,2
DA:90,2
DA:92,2
DA:93,3
DA:96,2
DA:97,4
DA:112,2
LF:16
LH:16
BRF:0
BRH:0
end_of_record
TN:
SF:models/Vote.js
FN:42,(anonymous_0)
FN:64,(anonymous_1)
FN:83,(anonymous_2)
FN:96,(anonymous_3)
FN:137,(anonymous_4)
FN:210,(anonymous_5)
FNF:6
FNH:6
FNDA:2,(anonymous_0)
FNDA:5,(anonymous_1)
FNDA:2,(anonymous_2)
FNDA:2,(anonymous_3)
FNDA:69,(anonymous_4)
FNDA:4,(anonymous_5)
DA:3,2
DA:5,2
DA:43,2
DA:44,2
DA:45,2
DA:51,2
DA:60,2
DA:61,2
DA:62,2
DA:64,2
DA:65,5
DA:67,5
DA:69,5
DA:70,1
DA:71,1
DA:74,5
DA:75,1
DA:77,4
DA:80,5
DA:83,2
DA:88,2
DA:96,2
DA:97,2
DA:137,2
DA:138,69
DA:193,69
DA:194,69
DA:198,17
DA:202,17
DA:203,17
DA:206,52
DA:210,2
DA:211,4
DA:221,2
LF:34
LH:34
BRDA:64,0,0,2
BRDA:69,1,0,1
BRDA:69,1,1,4
BRDA:74,2,0,1
BRDA:74,2,1,4
BRDA:194,3,0,17
BRDA:194,3,1,52
BRDA:195,4,0,69
BRDA:195,4,1,68
BRF:9
BRH:9
end_of_record
TN:
SF:repositories/CommentRepository.js
FN:6,(anonymous_0)
FN:19,(anonymous_1)
FN:29,(anonymous_2)
FN:81,(anonymous_3)
FN:133,(anonymous_4)
FN:148,(anonymous_5)
FN:162,(anonymous_6)
FN:173,(anonymous_7)
FN:198,(anonymous_8)
FN:220,(anonymous_9)
FN:229,(anonymous_10)
FNF:11
FNH:11
FNDA:3,(anonymous_0)
FNDA:3,(anonymous_1)
FNDA:4,(anonymous_2)
FNDA:2,(anonymous_3)
FNDA:4,(anonymous_4)
FNDA:3,(anonymous_5)
FNDA:2,(anonymous_6)
FNDA:4,(anonymous_7)
FNDA:2,(anonymous_8)
FNDA:3,(anonymous_9)
FNDA:3,(anonymous_10)
DA:3,4
DA:7,3
DA:8,3
DA:9,3
DA:10,1
DA:12,2
DA:13,1
DA:15,1
DA:20,3
DA:21,3
DA:23,1
DA:30,4
DA:31,4
DA:34,4
DA:35,4
DA:37,2
DA:38,2
DA:40,1
DA:41,1
DA:43,1
DA:44,1
DA:46,0
DA:49,4
DA:54,4
DA:56,4
DA:61,3
DA:63,3
DA:75,1
DA:82,2
DA:83,2
DA:85,2
DA:86,2
DA:88,1
DA:89,1
DA:91,1
DA:92,1
DA:94,0
DA:95,0
DA:97,0
DA:100,2
DA:101,2
DA:103,2
DA:113,2
DA:115,2
DA:127,0
DA:134,4
DA:135,4
DA:139,2
DA:141,2
DA:142,1
DA:144,1
DA:149,3
DA:151,3
DA:156,2
DA:158,1
DA:163,2
DA:164,2
DA:165,2
DA:167,0
DA:179,4
DA:180,4
DA:181,3
DA:182,1
DA:185,2
DA:186,1
DA:188,1
DA:191,2
DA:192,2
DA:194,1
DA:199,2
DA:200,2
DA:209,1
DA:214,1
DA:221,3
DA:222,3
DA:223,2
DA:225,1
DA:230,3
DA:231,3
DA:232,3
DA:233,1
DA:235,3
DA:237,1
DA:242,4
LF:84
LH:78
BRDA:12,0,0,1
BRDA:12,0,1,1
BRDA:29,1,0,2
BRDA:31,2,0,3
BRDA:31,3,0,3
BRDA:31,4,0,2
BRDA:31,5,0,4
BRDA:35,6,0,2
BRDA:35,6,1,1
BRDA:35,6,2,1
BRDA:35,6,3,0
BRDA:81,7,0,1
BRDA:83,8,0,1
BRDA:83,9,0,1
BRDA:83,10,0,1
BRDA:86,11,0,1
BRDA:86,11,1,1
BRDA:86,11,2,0
BRDA:86,11,3,0
BRDA:141,12,0,1
BRDA:141,12,1,1
BRDA:177,13,0,2
BRDA:181,14,0,1
BRDA:181,14,1,2
BRDA:185,15,0,1
BRDA:185,15,1,1
BRDA:229,16,0,2
BRDA:232,17,0,1
BRDA:232,17,1,2
BRF:29
BRH:26
end_of_record
TN:
SF:repositories/ProfileRepository.js
FN:6,(anonymous_0)
FN:16,(anonymous_1)
FN:30,(anonymous_2)
FN:38,(anonymous_3)
FN:65,(anonymous_4)
FN:76,(anonymous_5)
FN:84,(anonymous_6)
FN:95,(anonymous_7)
FN:103,(anonymous_8)
FNF:9
FNH:9
FNDA:7,(anonymous_0)
FNDA:4,(anonymous_1)
FNDA:3,(anonymous_2)
FNDA:4,(anonymous_3)
FNDA:3,(anonymous_4)
FNDA:3,(anonymous_5)
FNDA:3,(anonymous_6)
FNDA:3,(anonymous_7)
FNDA:4,(anonymous_8)
DA:3,2
DA:7,7
DA:8,7
DA:10,1
DA:17,4
DA:18,4
DA:19,4
DA:21,3
DA:22,3
DA:24,3
DA:26,1
DA:31,3
DA:32,3
DA:34,1
DA:39,4
DA:40,4
DA:41,4
DA:43,3
DA:44,1
DA:45,1
DA:46,2
DA:48,1
DA:49,1
DA:50,1
DA:51,1
DA:54,2
DA:55,1
DA:56,1
DA:57,1
DA:58,1
DA:61,1
DA:66,3
DA:67,3
DA:72,1
DA:77,3
DA:78,3
DA:80,1
DA:85,3
DA:86,3
DA:87,2
DA:89,1
DA:96,3
DA:97,3
DA:99,1
DA:104,4
DA:105,4
DA:106,4
DA:107,3
DA:108,3
DA:110,3
DA:122,1
DA:129,2
LF:52
LH:52
BRDA:16,0,0,3
BRDA:18,1,0,3
BRDA:21,2,0,1
BRDA:21,2,1,2
BRDA:22,3,0,1
BRDA:22,3,1,2
BRDA:43,4,0,1
BRDA:43,4,1,2
BRDA:54,5,0,1
BRDA:54,5,1,1
BRDA:103,6,0,0
BRDA:103,7,0,0
BRF:12
BRH:10
end_of_record
TN:
SF:repositories/VoteRepository.js
FN:7,(anonymous_0)
FN:27,(anonymous_1)
FN:35,(anonymous_2)
FN:47,(anonymous_3)
FN:57,(anonymous_4)
FN:89,(anonymous_5)
FN:111,(anonymous_6)
FN:121,(anonymous_7)
FN:125,(anonymous_8)
FN:136,(anonymous_9)
FN:181,(anonymous_10)
FN:237,(anonymous_11)
FN:285,(anonymous_12)
FN:294,(anonymous_13)
FN:312,(anonymous_14)
FNF:15
FNH:15
FNDA:4,(anonymous_0)
FNDA:3,(anonymous_1)
FNDA:3,(anonymous_2)
FNDA:2,(anonymous_3)
FNDA:4,(anonymous_4)
FNDA:3,(anonymous_5)
FNDA:2,(anonymous_6)
FNDA:2,(anonymous_7)
FNDA:4,(anonymous_8)
FNDA:3,(anonymous_9)
FNDA:3,(anonymous_10)
FNDA:3,(anonymous_11)
FNDA:3,(anonymous_12)
FNDA:5,(anonymous_13)
FNDA:3,(anonymous_14)
DA:3,2
DA:4,2
DA:8,4
DA:9,4
DA:10,4
DA:11,1
DA:13,3
DA:14,1
DA:16,2
DA:17,1
DA:20,1
DA:21,1
DA:23,1
DA:28,3
DA:29,3
DA:31,1
DA:36,3
DA:37,3
DA:43,1
DA:48,2
DA:49,2
DA:51,1
DA:63,4
DA:64,4
DA:80,2
DA:82,2
DA:83,1
DA:85,1
DA:90,3
DA:91,3
DA:105,2
DA:107,1
DA:112,2
DA:113,2
DA:115,1
DA:121,1
DA:122,2
DA:123,2
DA:125,2
DA:126,4
DA:130,1
DA:132,1
DA:137,3
DA:138,3
DA:140,3
DA:145,3
DA:146,2
DA:149,3
DA:151,3
DA:161,2
DA:163,2
DA:175,1
DA:182,3
DA:183,3
DA:184,3
DA:185,2
DA:188,3
DA:229,3
DA:231,1
DA:238,3
DA:239,3
DA:240,3
DA:241,1
DA:244,3
DA:277,3
DA:279,1
DA:286,3
DA:287,3
DA:288,2
DA:290,1
DA:295,5
DA:296,5
DA:298,5
DA:299,2
DA:302,5
DA:303,2
DA:306,5
DA:308,1
DA:313,3
DA:314,3
DA:316,1
DA:321,2
LF:82
LH:82
BRDA:13,0,0,1
BRDA:13,0,1,2
BRDA:16,1,0,1
BRDA:16,1,1,1
BRDA:47,2,0,0
BRDA:82,3,0,1
BRDA:82,3,1,1
BRDA:136,4,0,0
BRDA:138,5,0,0
BRDA:138,6,0,0
BRDA:138,7,0,1
BRDA:145,8,0,2
BRDA:145,8,1,1
BRDA:181,9,0,0
BRDA:181,10,0,0
BRDA:184,11,0,2
BRDA:184,11,1,1
BRDA:237,12,0,2
BRDA:240,13,0,1
BRDA:240,13,1,2
BRDA:294,14,0,2
BRDA:294,15,0,3
BRDA:298,16,0,2
BRDA:298,16,1,3
BRDA:302,17,0,2
BRDA:302,17,1,3
BRF:26
BRH:20
end_of_record
TN:
SF:services/CommentService.js
FN:7,(anonymous_0)
FN:11,(anonymous_1)
FN:30,(anonymous_2)
FN:51,(anonymous_3)
FN:67,(anonymous_4)
FN:89,(anonymous_5)
FN:98,(anonymous_6)
FN:117,(anonymous_7)
FN:145,(anonymous_8)
FN:164,(anonymous_9)
FN:190,(anonymous_10)
FN:196,(anonymous_11)
FN:208,(anonymous_12)
FN:228,(anonymous_13)
FN:258,(anonymous_14)
FNF:15
FNH:15
FNDA:32,(anonymous_0)
FNDA:3,(anonymous_1)
FNDA:4,(anonymous_2)
FNDA:3,(anonymous_3)
FNDA:3,(anonymous_4)
FNDA:2,(anonymous_5)
FNDA:1,(anonymous_6)
FNDA:4,(anonymous_7)
FNDA:3,(anonymous_8)
FNDA:3,(anonymous_9)
FNDA:2,(anonymous_10)
FNDA:2,(anonymous_11)
FNDA:3,(anonymous_12)
FNDA:3,(anonymous_13)
FNDA:3,(anonymous_14)
DA:3,4
DA:4,4
DA:8,32
DA:12,3
DA:13,3
DA:15,2
DA:17,1
DA:23,2
DA:24,1
DA:26,1
DA:31,4
DA:32,4
DA:36,3
DA:38,2
DA:39,1
DA:42,1
DA:44,2
DA:45,1
DA:47,1
DA:52,3
DA:53,3
DA:56,2
DA:61,2
DA:66,2
DA:68,3
DA:80,1
DA:81,1
DA:83,0
DA:90,2
DA:91,2
DA:95,1
DA:97,1
DA:99,1
DA:110,1
DA:111,1
DA:113,0
DA:118,4
DA:119,4
DA:122,4
DA:126,3
DA:127,3
DA:128,1
DA:131,2
DA:136,2
DA:138,1
DA:139,1
DA:141,0
DA:146,3
DA:147,3
DA:151,2
DA:155,2
DA:157,1
DA:158,1
DA:160,0
DA:170,3
DA:171,3
DA:175,3
DA:182,2
DA:184,1
DA:191,2
DA:192,2
DA:194,1
DA:197,2
DA:204,1
DA:209,3
DA:210,3
DA:211,3
DA:212,2
DA:217,2
DA:218,2
DA:220,1
DA:221,1
DA:223,0
DA:229,3
DA:259,3
DA:260,3
DA:263,2
DA:265,1
DA:270,4
LF:79
LH:74
BRDA:23,0,0,1
BRDA:23,0,1,1
BRDA:38,1,0,1
BRDA:38,1,1,1
BRDA:44,2,0,1
BRDA:44,2,1,1
BRDA:51,3,0,0
BRDA:68,4,0,2
BRDA:68,4,1,1
BRDA:80,5,0,1
BRDA:80,5,1,0
BRDA:89,6,0,0
BRDA:99,7,0,1
BRDA:99,7,1,0
BRDA:110,8,0,1
BRDA:110,8,1,0
BRDA:127,9,0,1
BRDA:127,9,1,2
BRDA:136,10,0,1
BRDA:136,10,1,1
BRDA:138,11,0,1
BRDA:138,11,1,0
BRDA:155,12,0,1
BRDA:155,12,1,1
BRDA:157,13,0,1
BRDA:157,13,1,0
BRDA:168,14,0,0
BRDA:182,15,0,1
BRDA:182,15,1,1
BRDA:197,16,0,2
BRDA:197,16,1,0
BRDA:208,17,0,1
BRDA:211,18,0,2
BRDA:211,18,1,1
BRDA:220,19,0,1
BRDA:220,19,1,0
BRDA:236,20,0,1
BRDA:236,20,1,2
BRDA:237,21,0,1
BRDA:237,21,1,0
BRDA:241,22,0,1
BRDA:241,22,1,2
BRDA:242,23,0,0
BRDA:242,23,1,1
BRDA:246,24,0,0
BRDA:246,24,1,3
BRDA:247,25,0,0
BRDA:247,25,1,0
BRDA:252,26,0,3
BRDA:252,26,1,2
BRF:50
BRH:35
end_of_record
TN:
SF:services/ProfileService.js
FN:7,(anonymous_0)
FN:11,(anonymous_1)
FN:37,(anonymous_2)
FN:50,(anonymous_3)
FN:57,(anonymous_4)
FN:67,(anonymous_5)
FN:99,(anonymous_6)
FN:129,(anonymous_7)
FN:148,(anonymous_8)
FN:154,(anonymous_9)
FNF:10
FNH:10
FNDA:30,(anonymous_0)
FNDA:8,(anonymous_1)
FNDA:4,(anonymous_2)
FNDA:2,(anonymous_3)
FNDA:1,(anonymous_4)
FNDA:4,(anonymous_5)
FNDA:5,(anonymous_6)
FNDA:4,(anonymous_7)
FNDA:5,(anonymous_8)
FNDA:7,(anonymous_9)
DA:3,3
DA:4,3
DA:8,30
DA:12,8
DA:13,8
DA:14,8
DA:15,6
DA:20,7
DA:24,6
DA:25,2
DA:28,6
DA:30,2
DA:31,1
DA:33,1
DA:38,4
DA:39,4
DA:42,3
DA:44,3
DA:45,2
DA:49,1
DA:50,2
DA:55,1
DA:56,1
DA:57,1
DA:60,2
DA:61,1
DA:63,1
DA:68,4
DA:69,4
DA:71,3
DA:75,3
DA:76,1
DA:79,1
DA:80,1
DA:81,1
DA:84,2
DA:86,1
DA:92,3
DA:93,2
DA:95,1
DA:100,5
DA:101,5
DA:105,4
DA:109,3
DA:110,1
DA:113,2
DA:115,2
DA:120,2
DA:122,2
DA:123,1
DA:125,1
DA:130,4
DA:131,4
DA:135,3
DA:139,2
DA:141,2
DA:142,1
DA:144,1
DA:149,5
DA:150,5
DA:151,4
DA:152,3
DA:154,3
DA:155,7
DA:156,7
DA:159,3
DA:165,2
DA:170,3
LF:68
LH:68
BRDA:11,0,0,0
BRDA:14,1,0,6
BRDA:14,1,1,2
BRDA:14,2,0,8
BRDA:14,2,1,8
BRDA:24,3,0,2
BRDA:24,3,1,4
BRDA:24,4,0,6
BRDA:24,4,1,3
BRDA:28,5,0,4
BRDA:28,5,1,2
BRDA:30,6,0,1
BRDA:30,6,1,1
BRDA:37,7,0,0
BRDA:44,8,0,2
BRDA:44,8,1,1
BRDA:44,9,0,3
BRDA:44,9,1,2
BRDA:60,10,0,1
BRDA:60,10,1,1
BRDA:75,11,0,1
BRDA:75,11,1,2
BRDA:92,12,0,2
BRDA:92,12,1,1
BRDA:92,13,0,3
BRDA:92,13,1,2
BRDA:109,14,0,1
BRDA:109,14,1,2
BRDA:120,15,0,1
BRDA:120,15,1,1
BRDA:122,16,0,1
BRDA:122,16,1,1
BRDA:139,17,0,1
BRDA:139,17,1,1
BRDA:141,18,0,1
BRDA:141,18,1,1
BRDA:156,19,0,7
BRDA:156,19,1,5
BRF:38
BRH:36
end_of_record
TN:
SF:services/VoteService.js
FN:8,(anonymous_0)
FN:13,(anonymous_1)
FN:109,(anonymous_2)
FN:149,(anonymous_3)
FN:170,(anonymous_4)
FN:183,(anonymous_5)
FN:197,(anonymous_6)
FN:232,(anonymous_7)
FN:245,(anonymous_8)
FN:270,(anonymous_9)
FN:297,(anonymous_10)
FN:323,(anonymous_11)
FN:352,(anonymous_12)
FNF:13
FNH:13
FNDA:26,(anonymous_0)
FNDA:8,(anonymous_1)
FNDA:4,(anonymous_2)
FNDA:2,(anonymous_3)
FNDA:1,(anonymous_4)
FNDA:2,(anonymous_5)
FNDA:2,(anonymous_6)
FNDA:2,(anonymous_7)
FNDA:2,(anonymous_8)
FNDA:2,(anonymous_9)
FNDA:2,(anonymous_10)
FNDA:2,(anonymous_11)
FNDA:1,(anonymous_12)
DA:3,2
DA:4,2
DA:5,2
DA:9,26
DA:10,26
DA:14,8
DA:15,8
DA:18,8
DA:23,7
DA:26,5
DA:27,1
DA:28,1
DA:29,1
DA:32,4
DA:39,3
DA:40,3
DA:42,3
DA:43,2
DA:45,2
DA:46,1
DA:54,1
DA:60,1
DA:62,1
DA:70,1
DA:73,2
DA:74,1
DA:82,2
DA:89,2
DA:98,5
DA:103,3
DA:105,2
DA:110,4
DA:111,4
DA:115,3
DA:121,3
DA:122,1
DA:125,2
DA:131,2
DA:132,1
DA:140,2
DA:142,1
DA:143,1
DA:145,0
DA:150,2
DA:151,2
DA:155,2
DA:161,2
DA:163,0
DA:164,0
DA:166,0
DA:171,1
DA:172,1
DA:175,1
DA:177,1
DA:182,1
DA:183,2
DA:190,0
DA:191,0
DA:193,0
DA:198,2
DA:199,2
DA:204,2
DA:207,2
DA:208,1
DA:209,1
DA:210,1
DA:213,1
DA:217,1
DA:223,1
DA:224,1
DA:226,0
DA:233,2
DA:234,2
DA:239,2
DA:244,2
DA:245,2
DA:263,0
DA:264,0
DA:266,0
DA:271,2
DA:272,2
DA:273,1
DA:276,2
DA:281,2
DA:288,0
DA:289,0
DA:291,0
DA:298,2
DA:299,2
DA:300,2
DA:301,1
DA:304,2
DA:308,2
DA:314,0
DA:315,0
DA:317,0
DA:324,2
DA:325,2
DA:326,2
DA:327,1
DA:330,2
DA:331,1
DA:334,2
DA:339,2
DA:345,0
DA:346,0
DA:348,0
DA:353,1
DA:357,2
LF:109
LH:89
BRDA:26,0,0,1
BRDA:26,0,1,4
BRDA:42,1,0,2
BRDA:42,1,1,1
BRDA:45,2,0,1
BRDA:45,2,1,1
BRDA:64,3,0,1
BRDA:64,3,1,0
BRDA:73,4,0,1
BRDA:73,4,1,1
BRDA:73,5,0,2
BRDA:73,5,1,1
BRDA:91,6,0,1
BRDA:91,6,1,1
BRDA:98,7,0,3
BRDA:98,7,1,2
BRDA:99,8,0,5
BRDA:99,8,1,4
BRDA:99,8,2,2
BRDA:121,9,0,1
BRDA:121,9,1,2
BRDA:131,10,0,1
BRDA:131,10,1,1
BRDA:140,11,0,1
BRDA:140,11,1,1
BRDA:142,12,0,1
BRDA:142,12,1,0
BRDA:161,13,0,1
BRDA:161,13,1,1
BRDA:163,14,0,0
BRDA:163,14,1,0
BRDA:170,15,0,0
BRDA:190,16,0,0
BRDA:190,16,1,0
BRDA:207,17,0,1
BRDA:207,17,1,1
BRDA:223,18,0,1
BRDA:223,18,1,0
BRDA:223,19,0,1
BRDA:223,19,1,1
BRDA:232,20,0,0
BRDA:247,21,0,1
BRDA:247,21,1,1
BRDA:263,22,0,0
BRDA:263,22,1,0
BRDA:270,23,0,0
BRDA:270,24,0,0
BRDA:272,25,0,1
BRDA:272,25,1,1
BRDA:288,26,0,0
BRDA:288,26,1,0
BRDA:297,27,0,1
BRDA:300,28,0,1
BRDA:300,28,1,1
BRDA:314,29,0,0
BRDA:314,29,1,0
BRDA:323,30,0,1
BRDA:323,31,0,1
BRDA:326,32,0,1
BRDA:326,32,1,1
BRDA:330,33,0,1
BRDA:330,33,1,1
BRDA:345,34,0,0
BRDA:345,34,1,0
BRF:64
BRH:45
end_of_record
TN:
SF:validators/CommentValidator.js
FN:102,(anonymous_0)
FN:116,(anonymous_1)
FN:142,(anonymous_2)
FN:154,(anonymous_3)
FN:166,(anonymous_4)
FN:189,(anonymous_5)
FN:193,(anonymous_6)
FN:205,(anonymous_7)
FNF:8
FNH:8
FNDA:22,(anonymous_0)
FNDA:9,(anonymous_1)
FNDA:6,(anonymous_2)
FNDA:6,(anonymous_3)
FNDA:15,(anonymous_4)
FNDA:32,(anonymous_5)
FNDA:33,(anonymous_6)
FNDA:1,(anonymous_7)
DA:3,5
DA:5,5
DA:33,5
DA:48,5
DA:55,5
DA:64,5
DA:103,22
DA:104,22
DA:109,13
DA:110,13
DA:111,13
DA:112,13
DA:117,9
DA:119,9
DA:121,9
DA:122,2
DA:127,7
DA:132,4
DA:133,4
DA:134,4
DA:138,4
DA:143,6
DA:144,6
DA:145,2
DA:147,4
DA:148,4
DA:149,4
DA:150,4
DA:155,6
DA:156,6
DA:157,3
DA:159,3
DA:160,3
DA:161,3
DA:162,3
DA:167,15
DA:168,15
DA:182,5
DA:183,5
DA:184,5
DA:185,5
DA:190,32
DA:192,32
DA:193,21
DA:194,33
DA:196,11
DA:197,8
DA:199,3
DA:202,32
DA:206,1
DA:216,5
LF:51
LH:51
BRDA:119,0,0,9
BRDA:119,0,1,5
BRDA:119,0,2,4
BRDA:121,1,0,2
BRDA:121,1,1,7
BRDA:135,2,0,0
BRDA:135,2,1,4
BRDA:170,3,0,4
BRDA:170,3,1,11
BRDA:171,4,0,3
BRDA:171,4,1,12
BRDA:174,5,0,1
BRDA:174,5,1,14
BRDA:192,6,0,21
BRDA:192,6,1,11
BRDA:192,7,0,32
BRDA:192,7,1,30
BRDA:196,8,0,8
BRDA:196,8,1,3
BRF:19
BRH:18
end_of_record
TN:
SF:validators/ProfileValidator.js
FN:194,(anonymous_0)
FN:208,(anonymous_1)
FN:222,(anonymous_2)
FN:234,(anonymous_3)
FN:249,(anonymous_4)
FN:253,(anonymous_5)
FN:265,(anonymous_6)
FNF:7
FNH:7
FNDA:79,(anonymous_0)
FNDA:7,(anonymous_1)
FNDA:6,(anonymous_2)
FNDA:7,(anonymous_3)
FNDA:43,(anonymous_4)
FNDA:59,(anonymous_5)
FNDA:1,(anonymous_6)
DA:3,4
DA:5,4
DA:14,4
DA:23,4
DA:30,4
DA:97,4
DA:169,4
DA:178,4
DA:195,79
DA:196,79
DA:201,32
DA:202,32
DA:203,32
DA:204,32
DA:209,7
DA:210,7
DA:215,1
DA:216,1
DA:217,1
DA:218,1
DA:223,6
DA:224,6
DA:225,3
DA:227,3
DA:228,3
DA:229,3
DA:230,3
DA:235,7
DA:236,7
DA:237,7
DA:242,4
DA:243,4
DA:244,4
DA:245,4
DA:250,43
DA:252,43
DA:253,34
DA:254,59
DA:256,9
DA:257,8
DA:259,1
DA:262,43
DA:266,1
DA:275,4
LF:44
LH:44
BRDA:238,0,0,3
BRDA:238,0,1,4
BRDA:239,1,0,5
BRDA:239,1,1,2
BRDA:252,2,0,34
BRDA:252,2,1,9
BRDA:252,3,0,43
BRDA:252,3,1,43
BRDA:256,4,0,8
BRDA:256,4,1,1
BRF:10
BRH:10
end_of_record
TN:
SF:validators/VoteValidator.js
FN:96,(anonymous_0)
FN:109,(anonymous_1)
FN:123,(anonymous_2)
FN:188,(anonymous_3)
FN:201,(anonymous_4)
FN:215,(anonymous_5)
FN:236,(anonymous_6)
FN:247,(anonymous_7)
FN:274,(anonymous_8)
FN:286,(anonymous_9)
FN:298,(anonymous_10)
FN:320,(anonymous_11)
FN:341,(anonymous_12)
FN:348,(anonymous_13)
FN:355,(anonymous_14)
FN:359,(anonymous_15)
FN:371,(anonymous_16)
FN:375,(anonymous_17)
FNF:18
FNH:18
FNDA:79,(anonymous_0)
FNDA:466,(anonymous_1)
FNDA:8,(anonymous_2)
FNDA:4,(anonymous_3)
FNDA:26,(anonymous_4)
FNDA:80,(anonymous_5)
FNDA:9,(anonymous_6)
FNDA:64,(anonymous_7)
FNDA:3,(anonymous_8)
FNDA:2,(anonymous_9)
FNDA:11,(anonymous_10)
FNDA:5,(anonymous_11)
FNDA:79,(anonymous_12)
FNDA:496,(anonymous_13)
FNDA:29,(anonymous_14)
FNDA:33,(anonymous_15)
FNDA:1,(anonymous_16)
FNDA:1,(anonymous_17)
DA:3,3
DA:5,3
DA:60,3
DA:97,79
DA:99,79
DA:100,2
DA:103,77
DA:104,77
DA:105,1
DA:108,76
DA:109,466
DA:115,3
DA:124,8
DA:129,3
DA:136,3
DA:143,3
DA:171,3
DA:189,4
DA:191,4
DA:192,0
DA:195,4
DA:196,4
DA:197,0
DA:200,4
DA:201,26
DA:216,80
DA:217,80
DA:222,64
DA:227,64
DA:229,16
DA:230,16
DA:231,16
DA:232,16
DA:237,9
DA:238,9
DA:243,8
DA:244,8
DA:248,64
DA:252,1
DA:257,7
DA:262,7
DA:264,2
DA:265,2
DA:266,2
DA:270,2
DA:275,3
DA:276,3
DA:277,2
DA:279,1
DA:280,1
DA:281,1
DA:282,1
DA:287,2
DA:288,2
DA:289,1
DA:291,1
DA:292,1
DA:293,1
DA:294,1
DA:299,11
DA:300,11
DA:313,4
DA:314,4
DA:315,4
DA:316,4
DA:321,5
DA:322,5
DA:327,3
DA:332,3
DA:334,2
DA:335,2
DA:336,2
DA:337,2
DA:342,79
DA:343,79
DA:344,1
DA:347,78
DA:349,496
DA:352,78
DA:356,29
DA:358,29
DA:359,24
DA:360,33
DA:362,5
DA:363,3
DA:365,2
DA:368,29
DA:372,1
DA:376,1
DA:387,3
LF:90
LH:88
BRDA:99,0,0,2
BRDA:99,0,1,77
BRDA:99,1,0,79
BRDA:99,1,1,78
BRDA:104,2,0,1
BRDA:104,2,1,76
BRDA:191,3,0,0
BRDA:191,3,1,4
BRDA:191,4,0,4
BRDA:191,4,1,4
BRDA:196,5,0,0
BRDA:196,5,1,4
BRDA:244,6,0,1
BRDA:244,6,1,7
BRDA:245,7,0,8
BRDA:245,7,1,8
BRDA:267,8,0,0
BRDA:267,8,1,2
BRDA:302,9,0,3
BRDA:302,9,1,8
BRDA:303,10,0,2
BRDA:303,10,1,9
BRDA:343,11,0,1
BRDA:343,11,1,78
BRDA:352,12,0,78
BRDA:352,12,1,1
BRDA:358,13,0,24
BRDA:358,13,1,5
BRDA:358,14,0,29
BRDA:358,14,1,28
BRDA:362,15,0,3
BRDA:362,15,1,2
BRF:32
BRH:29
end_of_record
