TN:
SF:controllers/CommentController.js
FN:22,(anonymous_0)
FN:26,(anonymous_1)
FN:45,(anonymous_2)
FN:72,(anonymous_3)
FN:95,(anonymous_4)
FN:114,(anonymous_5)
FN:148,(anonymous_6)
FN:179,(anonymous_7)
FN:189,(anonymous_8)
FN:209,(anonymous_9)
FN:217,(anonymous_10)
FNF:11
FNH:0
FNDA:0,(anonymous_0)
FNDA:0,(anonymous_1)
FNDA:0,(anonymous_2)
FNDA:0,(anonymous_3)
FNDA:0,(anonymous_4)
FNDA:0,(anonymous_5)
FNDA:0,(anonymous_6)
FNDA:0,(anonymous_7)
FNDA:0,(anonymous_8)
FNDA:0,(anonymous_9)
FNDA:0,(anonymous_10)
DA:3,0
DA:23,0
DA:27,0
DA:28,0
DA:29,0
DA:31,0
DA:33,0
DA:34,0
DA:41,0
DA:46,0
DA:47,0
DA:49,0
DA:50,0
DA:56,0
DA:58,0
DA:60,0
DA:61,0
DA:68,0
DA:73,0
DA:74,0
DA:79,0
DA:81,0
DA:83,0
DA:84,0
DA:91,0
DA:96,0
DA:97,0
DA:98,0
DA:100,0
DA:102,0
DA:103,0
DA:110,0
DA:115,0
DA:116,0
DA:121,0
DA:122,0
DA:128,0
DA:134,0
DA:136,0
DA:137,0
DA:144,0
DA:149,0
DA:150,0
DA:152,0
DA:153,0
DA:159,0
DA:165,0
DA:167,0
DA:168,0
DA:175,0
DA:180,0
DA:181,0
DA:182,0
DA:184,0
DA:185,0
DA:190,0
DA:191,0
DA:192,0
DA:193,0
DA:195,0
DA:197,0
DA:198,0
DA:205,0
DA:210,0
DA:211,0
DA:214,0
DA:218,0
DA:219,0
DA:220,0
DA:227,0
DA:228,0
DA:238,0
LF:72
LH:0
BRDA:33,0,0,0
BRDA:33,0,1,0
BRDA:49,1,0,0
BRDA:49,1,1,0
BRDA:60,2,0,0
BRDA:60,2,1,0
BRDA:83,3,0,0
BRDA:83,3,1,0
BRDA:102,4,0,0
BRDA:102,4,1,0
BRDA:121,5,0,0
BRDA:121,5,1,0
BRDA:136,6,0,0
BRDA:136,6,1,0
BRDA:152,7,0,0
BRDA:152,7,1,0
BRDA:167,8,0,0
BRDA:167,8,1,0
BRDA:191,9,0,0
BRDA:191,9,1,0
BRDA:191,9,2,0
BRDA:197,10,0,0
BRDA:197,10,1,0
BRDA:211,11,0,0
BRDA:211,11,1,0
BRDA:214,12,0,0
BRDA:214,12,1,0
BRF:27
BRH:0
end_of_record
TN:
SF:controllers/ProfileController.js
FN:22,(anonymous_0)
FN:26,(anonymous_1)
FN:45,(anonymous_2)
FN:72,(anonymous_3)
FN:99,(anonymous_4)
FN:133,(anonymous_5)
FN:164,(anonymous_6)
FNF:7
FNH:0
FNDA:0,(anonymous_0)
FNDA:0,(anonymous_1)
FNDA:0,(anonymous_2)
FNDA:0,(anonymous_3)
FNDA:0,(anonymous_4)
FNDA:0,(anonymous_5)
FNDA:0,(anonymous_6)
DA:3,0
DA:23,0
DA:27,0
DA:28,0
DA:29,0
DA:31,0
DA:33,0
DA:34,0
DA:41,0
DA:46,0
DA:47,0
DA:49,0
DA:50,0
DA:56,0
DA:58,0
DA:60,0
DA:61,0
DA:68,0
DA:73,0
DA:74,0
DA:75,0
DA:77,0
DA:79,0
DA:80,0
DA:87,0
DA:88,0
DA:95,0
DA:100,0
DA:101,0
DA:106,0
DA:107,0
DA:113,0
DA:119,0
DA:121,0
DA:122,0
DA:129,0
DA:134,0
DA:135,0
DA:137,0
DA:138,0
DA:144,0
DA:150,0
DA:152,0
DA:153,0
DA:160,0
DA:165,0
DA:166,0
DA:167,0
DA:169,0
DA:170,0
DA:175,0
LF:51
LH:0
BRDA:33,0,0,0
BRDA:33,0,1,0
BRDA:49,1,0,0
BRDA:49,1,1,0
BRDA:60,2,0,0
BRDA:60,2,1,0
BRDA:79,3,0,0
BRDA:79,3,1,0
BRDA:87,4,0,0
BRDA:87,4,1,0
BRDA:106,5,0,0
BRDA:106,5,1,0
BRDA:121,6,0,0
BRDA:121,6,1,0
BRDA:137,7,0,0
BRDA:137,7,1,0
BRDA:152,8,0,0
BRDA:152,8,1,0
BRF:18
BRH:0
end_of_record
TN:
SF:controllers/VoteController.js
FN:22,(anonymous_0)
FN:26,(anonymous_1)
FN:68,(anonymous_2)
FN:107,(anonymous_3)
FN:142,(anonymous_4)
FN:166,(anonymous_5)
FN:194,(anonymous_6)
FN:218,(anonymous_7)
FN:244,(anonymous_8)
FN:270,(anonymous_9)
FN:296,(anonymous_10)
FN:315,(anonymous_11)
FN:365,(anonymous_12)
FN:378,(anonymous_13)
FNF:14
FNH:0
FNDA:0,(anonymous_0)
FNDA:0,(anonymous_1)
FNDA:0,(anonymous_2)
FNDA:0,(anonymous_3)
FNDA:0,(anonymous_4)
FNDA:0,(anonymous_5)
FNDA:0,(anonymous_6)
FNDA:0,(anonymous_7)
FNDA:0,(anonymous_8)
FNDA:0,(anonymous_9)
FNDA:0,(anonymous_10)
FNDA:0,(anonymous_11)
FNDA:0,(anonymous_12)
FNDA:0,(anonymous_13)
DA:3,0
DA:23,0
DA:27,0
DA:28,0
DA:29,0
DA:35,0
DA:37,0
DA:38,0
DA:40,0
DA:42,0
DA:43,0
DA:50,0
DA:51,0
DA:57,0
DA:58,0
DA:64,0
DA:69,0
DA:70,0
DA:71,0
DA:73,0
DA:79,0
DA:80,0
DA:87,0
DA:93,0
DA:95,0
DA:96,0
DA:103,0
DA:108,0
DA:109,0
DA:110,0
DA:112,0
DA:118,0
DA:119,0
DA:126,0
DA:128,0
DA:130,0
DA:131,0
DA:138,0
DA:143,0
DA:144,0
DA:145,0
DA:150,0
DA:152,0
DA:154,0
DA:155,0
DA:162,0
DA:167,0
DA:168,0
DA:169,0
DA:171,0
DA:173,0
DA:175,0
DA:176,0
DA:183,0
DA:184,0
DA:190,0
DA:195,0
DA:196,0
DA:197,0
DA:202,0
DA:204,0
DA:206,0
DA:207,0
DA:214,0
DA:219,0
DA:220,0
DA:221,0
DA:223,0
DA:228,0
DA:230,0
DA:232,0
DA:233,0
DA:240,0
DA:245,0
DA:246,0
DA:247,0
DA:251,0
DA:253,0
DA:258,0
DA:259,0
DA:266,0
DA:271,0
DA:272,0
DA:273,0
DA:275,0
DA:280,0
DA:282,0
DA:284,0
DA:285,0
DA:292,0
DA:297,0
DA:298,0
DA:300,0
DA:306,0
DA:310,0
DA:316,0
DA:317,0
DA:319,0
DA:320,0
DA:326,0
DA:327,0
DA:329,0
DA:330,0
DA:331,0
DA:338,0
DA:340,0
DA:348,0
DA:360,0
DA:361,0
DA:366,0
DA:367,0
DA:370,0
DA:373,0
DA:374,0
DA:379,0
DA:380,0
DA:381,0
DA:388,0
DA:389,0
DA:399,0
LF:120
LH:0
BRDA:32,0,0,0
BRDA:32,0,1,0
BRDA:37,1,0,0
BRDA:37,1,1,0
BRDA:42,2,0,0
BRDA:42,2,1,0
BRDA:50,3,0,0
BRDA:50,3,1,0
BRDA:57,4,0,0
BRDA:57,4,1,0
BRDA:79,5,0,0
BRDA:79,5,1,0
BRDA:95,6,0,0
BRDA:95,6,1,0
BRDA:118,7,0,0
BRDA:118,7,1,0
BRDA:130,8,0,0
BRDA:130,8,1,0
BRDA:154,9,0,0
BRDA:154,9,1,0
BRDA:175,10,0,0
BRDA:175,10,1,0
BRDA:183,11,0,0
BRDA:183,11,1,0
BRDA:206,12,0,0
BRDA:206,12,1,0
BRDA:221,13,0,0
BRDA:221,13,1,0
BRDA:232,14,0,0
BRDA:232,14,1,0
BRDA:246,15,0,0
BRDA:246,15,1,0
BRDA:258,16,0,0
BRDA:258,16,1,0
BRDA:272,17,0,0
BRDA:272,17,1,0
BRDA:273,18,0,0
BRDA:273,18,1,0
BRDA:284,19,0,0
BRDA:284,19,1,0
BRDA:319,20,0,0
BRDA:319,20,1,0
BRDA:335,21,0,0
BRDA:335,21,1,0
BRDA:336,22,0,0
BRDA:336,22,1,0
BRDA:343,23,0,0
BRDA:343,23,1,0
BRDA:367,24,0,0
BRDA:367,24,1,0
BRDA:370,25,0,0
BRDA:370,25,1,0
BRDA:373,26,0,0
BRDA:373,26,1,0
BRF:54
BRH:0
end_of_record
TN:
SF:controllers/WebController.js
FN:6,(anonymous_0)
FN:10,(anonymous_1)
FN:32,(anonymous_2)
FNF:3
FNH:0
FNDA:0,(anonymous_0)
FNDA:0,(anonymous_1)
FNDA:0,(anonymous_2)
DA:3,0
DA:7,0
DA:11,0
DA:12,0
DA:13,0
DA:18,0
DA:19,0
DA:25,0
DA:27,0
DA:28,0
DA:33,0
DA:34,0
DA:36,0
DA:37,0
DA:43,0
DA:45,0
DA:46,0
DA:51,0
LF:18
LH:0
BRDA:12,0,0,0
BRDA:12,0,1,0
BRDA:18,1,0,0
BRDA:18,1,1,0
BRDA:36,2,0,0
BRDA:36,2,1,0
BRF:6
BRH:0
end_of_record
TN:
SF:models/Comment.js
FN:62,(anonymous_0)
FN:89,(anonymous_1)
FN:111,(anonymous_2)
FN:115,(anonymous_3)
FN:137,(anonymous_4)
FN:151,(anonymous_5)
FNF:6
FNH:3
FNDA:0,(anonymous_0)
FNDA:0,(anonymous_1)
FNDA:0,(anonymous_2)
FNDA:3,(anonymous_3)
FNDA:9,(anonymous_4)
FNDA:7,(anonymous_5)
DA:3,1
DA:5,1
DA:63,0
DA:64,0
DA:67,0
DA:70,0
DA:75,0
DA:76,0
DA:78,0
DA:84,1
DA:85,1
DA:86,1
DA:87,1
DA:89,1
DA:90,0
DA:92,0
DA:94,0
DA:95,0
DA:97,0
DA:100,0
DA:101,0
DA:104,0
DA:105,0
DA:108,0
DA:111,1
DA:112,0
DA:115,1
DA:116,3
DA:137,1
DA:141,9
DA:142,1
DA:146,9
DA:147,9
DA:148,9
DA:151,1
DA:155,7
DA:156,1
DA:160,6
DA:161,6
DA:162,4
DA:163,4
DA:167,1
LF:42
LH:24
BRDA:63,0,0,0
BRDA:63,0,1,0
BRDA:64,1,0,0
BRDA:64,1,1,0
BRDA:67,2,0,0
BRDA:67,2,1,0
BRDA:70,3,0,0
BRDA:70,3,1,0
BRDA:89,4,0,0
BRDA:94,5,0,0
BRDA:94,5,1,0
BRDA:100,6,0,0
BRDA:100,6,1,0
BRDA:104,7,0,0
BRDA:104,7,1,0
BRDA:123,8,0,3
BRDA:123,8,1,0
BRDA:124,9,0,3
BRDA:124,9,1,0
BRDA:127,10,0,3
BRDA:127,10,1,0
BRDA:141,11,0,1
BRDA:141,11,1,8
BRDA:146,12,0,9
BRDA:146,12,1,6
BRDA:148,13,0,9
BRDA:148,13,1,3
BRDA:155,14,0,1
BRDA:155,14,1,6
BRDA:160,15,0,6
BRDA:160,15,1,2
BRDA:161,16,0,4
BRDA:161,16,1,2
BRDA:163,17,0,4
BRDA:163,17,1,1
BRF:35
BRH:17
end_of_record
TN:
SF:models/Profile.js
FN:26,(anonymous_0)
FN:65,(anonymous_1)
FN:76,(anonymous_2)
FN:92,(anonymous_3)
FN:96,(anonymous_4)
FNF:5
FNH:0
FNDA:0,(anonymous_0)
FNDA:0,(anonymous_1)
FNDA:0,(anonymous_2)
FNDA:0,(anonymous_3)
FNDA:0,(anonymous_4)
DA:3,0
DA:5,0
DA:27,0
DA:66,0
DA:77,0
DA:79,0
DA:80,0
DA:81,0
DA:83,0
DA:89,0
DA:90,0
DA:92,0
DA:93,0
DA:96,0
DA:97,0
DA:112,0
LF:16
LH:0
BRF:0
BRH:0
end_of_record
TN:
SF:models/Vote.js
FN:42,(anonymous_0)
FN:64,(anonymous_1)
FN:83,(anonymous_2)
FN:96,(anonymous_3)
FN:137,(anonymous_4)
FN:210,(anonymous_5)
FNF:6
FNH:0
FNDA:0,(anonymous_0)
FNDA:0,(anonymous_1)
FNDA:0,(anonymous_2)
FNDA:0,(anonymous_3)
FNDA:0,(anonymous_4)
FNDA:0,(anonymous_5)
DA:3,0
DA:5,0
DA:43,0
DA:44,0
DA:45,0
DA:51,0
DA:60,0
DA:61,0
DA:62,0
DA:64,0
DA:65,0
DA:67,0
DA:69,0
DA:70,0
DA:71,0
DA:74,0
DA:75,0
DA:77,0
DA:80,0
DA:83,0
DA:88,0
DA:96,0
DA:97,0
DA:137,0
DA:138,0
DA:193,0
DA:194,0
DA:198,0
DA:202,0
DA:203,0
DA:206,0
DA:210,0
DA:211,0
DA:221,0
LF:34
LH:0
BRDA:64,0,0,0
BRDA:69,1,0,0
BRDA:69,1,1,0
BRDA:74,2,0,0
BRDA:74,2,1,0
BRDA:194,3,0,0
BRDA:194,3,1,0
BRDA:195,4,0,0
BRDA:195,4,1,0
BRF:9
BRH:0
end_of_record
TN:
SF:repositories/CommentRepository.js
FN:6,(anonymous_0)
FN:19,(anonymous_1)
FN:29,(anonymous_2)
FN:81,(anonymous_3)
FN:133,(anonymous_4)
FN:148,(anonymous_5)
FN:162,(anonymous_6)
FN:173,(anonymous_7)
FN:198,(anonymous_8)
FN:220,(anonymous_9)
FN:229,(anonymous_10)
FNF:11
FNH:0
FNDA:0,(anonymous_0)
FNDA:0,(anonymous_1)
FNDA:0,(anonymous_2)
FNDA:0,(anonymous_3)
FNDA:0,(anonymous_4)
FNDA:0,(anonymous_5)
FNDA:0,(anonymous_6)
FNDA:0,(anonymous_7)
FNDA:0,(anonymous_8)
FNDA:0,(anonymous_9)
FNDA:0,(anonymous_10)
DA:3,0
DA:7,0
DA:8,0
DA:9,0
DA:10,0
DA:12,0
DA:13,0
DA:15,0
DA:20,0
DA:21,0
DA:23,0
DA:30,0
DA:31,0
DA:34,0
DA:35,0
DA:37,0
DA:38,0
DA:40,0
DA:41,0
DA:43,0
DA:44,0
DA:46,0
DA:49,0
DA:54,0
DA:56,0
DA:61,0
DA:63,0
DA:75,0
DA:82,0
DA:83,0
DA:85,0
DA:86,0
DA:88,0
DA:89,0
DA:91,0
DA:92,0
DA:94,0
DA:95,0
DA:97,0
DA:100,0
DA:101,0
DA:103,0
DA:113,0
DA:115,0
DA:127,0
DA:134,0
DA:135,0
DA:139,0
DA:141,0
DA:142,0
DA:144,0
DA:149,0
DA:151,0
DA:156,0
DA:158,0
DA:163,0
DA:164,0
DA:165,0
DA:167,0
DA:179,0
DA:180,0
DA:181,0
DA:182,0
DA:185,0
DA:186,0
DA:188,0
DA:191,0
DA:192,0
DA:194,0
DA:199,0
DA:200,0
DA:209,0
DA:214,0
DA:221,0
DA:222,0
DA:223,0
DA:225,0
DA:230,0
DA:231,0
DA:232,0
DA:233,0
DA:235,0
DA:237,0
DA:242,0
LF:84
LH:0
BRDA:12,0,0,0
BRDA:12,0,1,0
BRDA:29,1,0,0
BRDA:31,2,0,0
BRDA:31,3,0,0
BRDA:31,4,0,0
BRDA:31,5,0,0
BRDA:35,6,0,0
BRDA:35,6,1,0
BRDA:35,6,2,0
BRDA:35,6,3,0
BRDA:81,7,0,0
BRDA:83,8,0,0
BRDA:83,9,0,0
BRDA:83,10,0,0
BRDA:86,11,0,0
BRDA:86,11,1,0
BRDA:86,11,2,0
BRDA:86,11,3,0
BRDA:141,12,0,0
BRDA:141,12,1,0
BRDA:177,13,0,0
BRDA:181,14,0,0
BRDA:181,14,1,0
BRDA:185,15,0,0
BRDA:185,15,1,0
BRDA:229,16,0,0
BRDA:232,17,0,0
BRDA:232,17,1,0
BRF:29
BRH:0
end_of_record
TN:
SF:repositories/ProfileRepository.js
FN:6,(anonymous_0)
FN:16,(anonymous_1)
FN:30,(anonymous_2)
FN:38,(anonymous_3)
FN:65,(anonymous_4)
FN:76,(anonymous_5)
FN:84,(anonymous_6)
FN:95,(anonymous_7)
FN:103,(anonymous_8)
FNF:9
FNH:0
FNDA:0,(anonymous_0)
FNDA:0,(anonymous_1)
FNDA:0,(anonymous_2)
FNDA:0,(anonymous_3)
FNDA:0,(anonymous_4)
FNDA:0,(anonymous_5)
FNDA:0,(anonymous_6)
FNDA:0,(anonymous_7)
FNDA:0,(anonymous_8)
DA:3,0
DA:7,0
DA:8,0
DA:10,0
DA:17,0
DA:18,0
DA:19,0
DA:21,0
DA:22,0
DA:24,0
DA:26,0
DA:31,0
DA:32,0
DA:34,0
DA:39,0
DA:40,0
DA:41,0
DA:43,0
DA:44,0
DA:45,0
DA:46,0
DA:48,0
DA:49,0
DA:50,0
DA:51,0
DA:54,0
DA:55,0
DA:56,0
DA:57,0
DA:58,0
DA:61,0
DA:66,0
DA:67,0
DA:72,0
DA:77,0
DA:78,0
DA:80,0
DA:85,0
DA:86,0
DA:87,0
DA:89,0
DA:96,0
DA:97,0
DA:99,0
DA:104,0
DA:105,0
DA:106,0
DA:107,0
DA:108,0
DA:110,0
DA:122,0
DA:129,0
LF:52
LH:0
BRDA:16,0,0,0
BRDA:18,1,0,0
BRDA:21,2,0,0
BRDA:21,2,1,0
BRDA:22,3,0,0
BRDA:22,3,1,0
BRDA:43,4,0,0
BRDA:43,4,1,0
BRDA:54,5,0,0
BRDA:54,5,1,0
BRDA:103,6,0,0
BRDA:103,7,0,0
BRF:12
BRH:0
end_of_record
TN:
SF:repositories/VoteRepository.js
FN:7,(anonymous_0)
FN:27,(anonymous_1)
FN:35,(anonymous_2)
FN:47,(anonymous_3)
FN:57,(anonymous_4)
FN:89,(anonymous_5)
FN:111,(anonymous_6)
FN:121,(anonymous_7)
FN:125,(anonymous_8)
FN:136,(anonymous_9)
FN:181,(anonymous_10)
FN:237,(anonymous_11)
FN:285,(anonymous_12)
FN:294,(anonymous_13)
FN:312,(anonymous_14)
FNF:15
FNH:0
FNDA:0,(anonymous_0)
FNDA:0,(anonymous_1)
FNDA:0,(anonymous_2)
FNDA:0,(anonymous_3)
FNDA:0,(anonymous_4)
FNDA:0,(anonymous_5)
FNDA:0,(anonymous_6)
FNDA:0,(anonymous_7)
FNDA:0,(anonymous_8)
FNDA:0,(anonymous_9)
FNDA:0,(anonymous_10)
FNDA:0,(anonymous_11)
FNDA:0,(anonymous_12)
FNDA:0,(anonymous_13)
FNDA:0,(anonymous_14)
DA:3,0
DA:4,0
DA:8,0
DA:9,0
DA:10,0
DA:11,0
DA:13,0
DA:14,0
DA:16,0
DA:17,0
DA:20,0
DA:21,0
DA:23,0
DA:28,0
DA:29,0
DA:31,0
DA:36,0
DA:37,0
DA:43,0
DA:48,0
DA:49,0
DA:51,0
DA:63,0
DA:64,0
DA:80,0
DA:82,0
DA:83,0
DA:85,0
DA:90,0
DA:91,0
DA:105,0
DA:107,0
DA:112,0
DA:113,0
DA:115,0
DA:121,0
DA:122,0
DA:123,0
DA:125,0
DA:126,0
DA:130,0
DA:132,0
DA:137,0
DA:138,0
DA:140,0
DA:145,0
DA:146,0
DA:149,0
DA:151,0
DA:161,0
DA:163,0
DA:175,0
DA:182,0
DA:183,0
DA:184,0
DA:185,0
DA:188,0
DA:229,0
DA:231,0
DA:238,0
DA:239,0
DA:240,0
DA:241,0
DA:244,0
DA:277,0
DA:279,0
DA:286,0
DA:287,0
DA:288,0
DA:290,0
DA:295,0
DA:296,0
DA:298,0
DA:299,0
DA:302,0
DA:303,0
DA:306,0
DA:308,0
DA:313,0
DA:314,0
DA:316,0
DA:321,0
LF:82
LH:0
BRDA:13,0,0,0
BRDA:13,0,1,0
BRDA:16,1,0,0
BRDA:16,1,1,0
BRDA:47,2,0,0
BRDA:82,3,0,0
BRDA:82,3,1,0
BRDA:136,4,0,0
BRDA:138,5,0,0
BRDA:138,6,0,0
BRDA:138,7,0,0
BRDA:145,8,0,0
BRDA:145,8,1,0
BRDA:181,9,0,0
BRDA:181,10,0,0
BRDA:184,11,0,0
BRDA:184,11,1,0
BRDA:237,12,0,0
BRDA:240,13,0,0
BRDA:240,13,1,0
BRDA:294,14,0,0
BRDA:294,15,0,0
BRDA:298,16,0,0
BRDA:298,16,1,0
BRDA:302,17,0,0
BRDA:302,17,1,0
BRF:26
BRH:0
end_of_record
TN:
SF:services/CommentService.js
FN:7,(anonymous_0)
FN:11,(anonymous_1)
FN:30,(anonymous_2)
FN:51,(anonymous_3)
FN:67,(anonymous_4)
FN:89,(anonymous_5)
FN:98,(anonymous_6)
FN:117,(anonymous_7)
FN:145,(anonymous_8)
FN:164,(anonymous_9)
FN:190,(anonymous_10)
FN:196,(anonymous_11)
FN:208,(anonymous_12)
FN:228,(anonymous_13)
FN:258,(anonymous_14)
FNF:15
FNH:0
FNDA:0,(anonymous_0)
FNDA:0,(anonymous_1)
FNDA:0,(anonymous_2)
FNDA:0,(anonymous_3)
FNDA:0,(anonymous_4)
FNDA:0,(anonymous_5)
FNDA:0,(anonymous_6)
FNDA:0,(anonymous_7)
FNDA:0,(anonymous_8)
FNDA:0,(anonymous_9)
FNDA:0,(anonymous_10)
FNDA:0,(anonymous_11)
FNDA:0,(anonymous_12)
FNDA:0,(anonymous_13)
FNDA:0,(anonymous_14)
DA:3,0
DA:4,0
DA:8,0
DA:12,0
DA:13,0
DA:15,0
DA:17,0
DA:23,0
DA:24,0
DA:26,0
DA:31,0
DA:32,0
DA:36,0
DA:38,0
DA:39,0
DA:42,0
DA:44,0
DA:45,0
DA:47,0
DA:52,0
DA:53,0
DA:56,0
DA:61,0
DA:66,0
DA:68,0
DA:80,0
DA:81,0
DA:83,0
DA:90,0
DA:91,0
DA:95,0
DA:97,0
DA:99,0
DA:110,0
DA:111,0
DA:113,0
DA:118,0
DA:119,0
DA:122,0
DA:126,0
DA:127,0
DA:128,0
DA:131,0
DA:136,0
DA:138,0
DA:139,0
DA:141,0
DA:146,0
DA:147,0
DA:151,0
DA:155,0
DA:157,0
DA:158,0
DA:160,0
DA:170,0
DA:171,0
DA:175,0
DA:182,0
DA:184,0
DA:191,0
DA:192,0
DA:194,0
DA:197,0
DA:204,0
DA:209,0
DA:210,0
DA:211,0
DA:212,0
DA:217,0
DA:218,0
DA:220,0
DA:221,0
DA:223,0
DA:229,0
DA:259,0
DA:260,0
DA:263,0
DA:265,0
DA:270,0
LF:79
LH:0
BRDA:23,0,0,0
BRDA:23,0,1,0
BRDA:38,1,0,0
BRDA:38,1,1,0
BRDA:44,2,0,0
BRDA:44,2,1,0
BRDA:51,3,0,0
BRDA:68,4,0,0
BRDA:68,4,1,0
BRDA:80,5,0,0
BRDA:80,5,1,0
BRDA:89,6,0,0
BRDA:99,7,0,0
BRDA:99,7,1,0
BRDA:110,8,0,0
BRDA:110,8,1,0
BRDA:127,9,0,0
BRDA:127,9,1,0
BRDA:136,10,0,0
BRDA:136,10,1,0
BRDA:138,11,0,0
BRDA:138,11,1,0
BRDA:155,12,0,0
BRDA:155,12,1,0
BRDA:157,13,0,0
BRDA:157,13,1,0
BRDA:168,14,0,0
BRDA:182,15,0,0
BRDA:182,15,1,0
BRDA:197,16,0,0
BRDA:197,16,1,0
BRDA:208,17,0,0
BRDA:211,18,0,0
BRDA:211,18,1,0
BRDA:220,19,0,0
BRDA:220,19,1,0
BRDA:236,20,0,0
BRDA:236,20,1,0
BRDA:237,21,0,0
BRDA:237,21,1,0
BRDA:241,22,0,0
BRDA:241,22,1,0
BRDA:242,23,0,0
BRDA:242,23,1,0
BRDA:246,24,0,0
BRDA:246,24,1,0
BRDA:247,25,0,0
BRDA:247,25,1,0
BRDA:252,26,0,0
BRDA:252,26,1,0
BRF:50
BRH:0
end_of_record
TN:
SF:services/ProfileService.js
FN:7,(anonymous_0)
FN:11,(anonymous_1)
FN:37,(anonymous_2)
FN:50,(anonymous_3)
FN:57,(anonymous_4)
FN:67,(anonymous_5)
FN:99,(anonymous_6)
FN:129,(anonymous_7)
FN:148,(anonymous_8)
FN:154,(anonymous_9)
FNF:10
FNH:0
FNDA:0,(anonymous_0)
FNDA:0,(anonymous_1)
FNDA:0,(anonymous_2)
FNDA:0,(anonymous_3)
FNDA:0,(anonymous_4)
FNDA:0,(anonymous_5)
FNDA:0,(anonymous_6)
FNDA:0,(anonymous_7)
FNDA:0,(anonymous_8)
FNDA:0,(anonymous_9)
DA:3,0
DA:4,0
DA:8,0
DA:12,0
DA:13,0
DA:14,0
DA:15,0
DA:20,0
DA:24,0
DA:25,0
DA:28,0
DA:30,0
DA:31,0
DA:33,0
DA:38,0
DA:39,0
DA:42,0
DA:44,0
DA:45,0
DA:49,0
DA:50,0
DA:55,0
DA:56,0
DA:57,0
DA:60,0
DA:61,0
DA:63,0
DA:68,0
DA:69,0
DA:71,0
DA:75,0
DA:76,0
DA:79,0
DA:80,0
DA:81,0
DA:84,0
DA:86,0
DA:92,0
DA:93,0
DA:95,0
DA:100,0
DA:101,0
DA:105,0
DA:109,0
DA:110,0
DA:113,0
DA:115,0
DA:120,0
DA:122,0
DA:123,0
DA:125,0
DA:130,0
DA:131,0
DA:135,0
DA:139,0
DA:141,0
DA:142,0
DA:144,0
DA:149,0
DA:150,0
DA:151,0
DA:152,0
DA:154,0
DA:155,0
DA:156,0
DA:159,0
DA:165,0
DA:170,0
LF:68
LH:0
BRDA:11,0,0,0
BRDA:14,1,0,0
BRDA:14,1,1,0
BRDA:14,2,0,0
BRDA:14,2,1,0
BRDA:24,3,0,0
BRDA:24,3,1,0
BRDA:24,4,0,0
BRDA:24,4,1,0
BRDA:28,5,0,0
BRDA:28,5,1,0
BRDA:30,6,0,0
BRDA:30,6,1,0
BRDA:37,7,0,0
BRDA:44,8,0,0
BRDA:44,8,1,0
BRDA:44,9,0,0
BRDA:44,9,1,0
BRDA:60,10,0,0
BRDA:60,10,1,0
BRDA:75,11,0,0
BRDA:75,11,1,0
BRDA:92,12,0,0
BRDA:92,12,1,0
BRDA:92,13,0,0
BRDA:92,13,1,0
BRDA:109,14,0,0
BRDA:109,14,1,0
BRDA:120,15,0,0
BRDA:120,15,1,0
BRDA:122,16,0,0
BRDA:122,16,1,0
BRDA:139,17,0,0
BRDA:139,17,1,0
BRDA:141,18,0,0
BRDA:141,18,1,0
BRDA:156,19,0,0
BRDA:156,19,1,0
BRF:38
BRH:0
end_of_record
TN:
SF:services/VoteService.js
FN:8,(anonymous_0)
FN:13,(anonymous_1)
FN:109,(anonymous_2)
FN:149,(anonymous_3)
FN:170,(anonymous_4)
FN:183,(anonymous_5)
FN:197,(anonymous_6)
FN:232,(anonymous_7)
FN:245,(anonymous_8)
FN:270,(anonymous_9)
FN:297,(anonymous_10)
FN:323,(anonymous_11)
FN:352,(anonymous_12)
FNF:13
FNH:0
FNDA:0,(anonymous_0)
FNDA:0,(anonymous_1)
FNDA:0,(anonymous_2)
FNDA:0,(anonymous_3)
FNDA:0,(anonymous_4)
FNDA:0,(anonymous_5)
FNDA:0,(anonymous_6)
FNDA:0,(anonymous_7)
FNDA:0,(anonymous_8)
FNDA:0,(anonymous_9)
FNDA:0,(anonymous_10)
FNDA:0,(anonymous_11)
FNDA:0,(anonymous_12)
DA:3,0
DA:4,0
DA:5,0
DA:9,0
DA:10,0
DA:14,0
DA:15,0
DA:18,0
DA:23,0
DA:26,0
DA:27,0
DA:28,0
DA:29,0
DA:32,0
DA:39,0
DA:40,0
DA:42,0
DA:43,0
DA:45,0
DA:46,0
DA:54,0
DA:60,0
DA:62,0
DA:70,0
DA:73,0
DA:74,0
DA:82,0
DA:89,0
DA:98,0
DA:103,0
DA:105,0
DA:110,0
DA:111,0
DA:115,0
DA:121,0
DA:122,0
DA:125,0
DA:131,0
DA:132,0
DA:140,0
DA:142,0
DA:143,0
DA:145,0
DA:150,0
DA:151,0
DA:155,0
DA:161,0
DA:163,0
DA:164,0
DA:166,0
DA:171,0
DA:172,0
DA:175,0
DA:177,0
DA:182,0
DA:183,0
DA:190,0
DA:191,0
DA:193,0
DA:198,0
DA:199,0
DA:204,0
DA:207,0
DA:208,0
DA:209,0
DA:210,0
DA:213,0
DA:217,0
DA:223,0
DA:224,0
DA:226,0
DA:233,0
DA:234,0
DA:239,0
DA:244,0
DA:245,0
DA:263,0
DA:264,0
DA:266,0
DA:271,0
DA:272,0
DA:273,0
DA:276,0
DA:281,0
DA:288,0
DA:289,0
DA:291,0
DA:298,0
DA:299,0
DA:300,0
DA:301,0
DA:304,0
DA:308,0
DA:314,0
DA:315,0
DA:317,0
DA:324,0
DA:325,0
DA:326,0
DA:327,0
DA:330,0
DA:331,0
DA:334,0
DA:339,0
DA:345,0
DA:346,0
DA:348,0
DA:353,0
DA:357,0
LF:109
LH:0
BRDA:26,0,0,0
BRDA:26,0,1,0
BRDA:42,1,0,0
BRDA:42,1,1,0
BRDA:45,2,0,0
BRDA:45,2,1,0
BRDA:64,3,0,0
BRDA:64,3,1,0
BRDA:73,4,0,0
BRDA:73,4,1,0
BRDA:73,5,0,0
BRDA:73,5,1,0
BRDA:91,6,0,0
BRDA:91,6,1,0
BRDA:98,7,0,0
BRDA:98,7,1,0
BRDA:99,8,0,0
BRDA:99,8,1,0
BRDA:99,8,2,0
BRDA:121,9,0,0
BRDA:121,9,1,0
BRDA:131,10,0,0
BRDA:131,10,1,0
BRDA:140,11,0,0
BRDA:140,11,1,0
BRDA:142,12,0,0
BRDA:142,12,1,0
BRDA:161,13,0,0
BRDA:161,13,1,0
BRDA:163,14,0,0
BRDA:163,14,1,0
BRDA:170,15,0,0
BRDA:190,16,0,0
BRDA:190,16,1,0
BRDA:207,17,0,0
BRDA:207,17,1,0
BRDA:223,18,0,0
BRDA:223,18,1,0
BRDA:223,19,0,0
BRDA:223,19,1,0
BRDA:232,20,0,0
BRDA:247,21,0,0
BRDA:247,21,1,0
BRDA:263,22,0,0
BRDA:263,22,1,0
BRDA:270,23,0,0
BRDA:270,24,0,0
BRDA:272,25,0,0
BRDA:272,25,1,0
BRDA:288,26,0,0
BRDA:288,26,1,0
BRDA:297,27,0,0
BRDA:300,28,0,0
BRDA:300,28,1,0
BRDA:314,29,0,0
BRDA:314,29,1,0
BRDA:323,30,0,0
BRDA:323,31,0,0
BRDA:326,32,0,0
BRDA:326,32,1,0
BRDA:330,33,0,0
BRDA:330,33,1,0
BRDA:345,34,0,0
BRDA:345,34,1,0
BRF:64
BRH:0
end_of_record
TN:
SF:validators/CommentValidator.js
FN:102,(anonymous_0)
FN:116,(anonymous_1)
FN:142,(anonymous_2)
FN:154,(anonymous_3)
FN:166,(anonymous_4)
FN:189,(anonymous_5)
FN:193,(anonymous_6)
FN:205,(anonymous_7)
FNF:8
FNH:0
FNDA:0,(anonymous_0)
FNDA:0,(anonymous_1)
FNDA:0,(anonymous_2)
FNDA:0,(anonymous_3)
FNDA:0,(anonymous_4)
FNDA:0,(anonymous_5)
FNDA:0,(anonymous_6)
FNDA:0,(anonymous_7)
DA:3,0
DA:5,0
DA:33,0
DA:48,0
DA:55,0
DA:64,0
DA:103,0
DA:104,0
DA:109,0
DA:110,0
DA:111,0
DA:112,0
DA:117,0
DA:119,0
DA:121,0
DA:122,0
DA:127,0
DA:132,0
DA:133,0
DA:134,0
DA:138,0
DA:143,0
DA:144,0
DA:145,0
DA:147,0
DA:148,0
DA:149,0
DA:150,0
DA:155,0
DA:156,0
DA:157,0
DA:159,0
DA:160,0
DA:161,0
DA:162,0
DA:167,0
DA:168,0
DA:182,0
DA:183,0
DA:184,0
DA:185,0
DA:190,0
DA:192,0
DA:193,0
DA:194,0
DA:196,0
DA:197,0
DA:199,0
DA:202,0
DA:206,0
DA:216,0
LF:51
LH:0
BRDA:119,0,0,0
BRDA:119,0,1,0
BRDA:119,0,2,0
BRDA:121,1,0,0
BRDA:121,1,1,0
BRDA:135,2,0,0
BRDA:135,2,1,0
BRDA:170,3,0,0
BRDA:170,3,1,0
BRDA:171,4,0,0
BRDA:171,4,1,0
BRDA:174,5,0,0
BRDA:174,5,1,0
BRDA:192,6,0,0
BRDA:192,6,1,0
BRDA:192,7,0,0
BRDA:192,7,1,0
BRDA:196,8,0,0
BRDA:196,8,1,0
BRF:19
BRH:0
end_of_record
TN:
SF:validators/ProfileValidator.js
FN:194,(anonymous_0)
FN:208,(anonymous_1)
FN:222,(anonymous_2)
FN:234,(anonymous_3)
FN:249,(anonymous_4)
FN:253,(anonymous_5)
FN:265,(anonymous_6)
FNF:7
FNH:0
FNDA:0,(anonymous_0)
FNDA:0,(anonymous_1)
FNDA:0,(anonymous_2)
FNDA:0,(anonymous_3)
FNDA:0,(anonymous_4)
FNDA:0,(anonymous_5)
FNDA:0,(anonymous_6)
DA:3,0
DA:5,0
DA:14,0
DA:23,0
DA:30,0
DA:97,0
DA:169,0
DA:178,0
DA:195,0
DA:196,0
DA:201,0
DA:202,0
DA:203,0
DA:204,0
DA:209,0
DA:210,0
DA:215,0
DA:216,0
DA:217,0
DA:218,0
DA:223,0
DA:224,0
DA:225,0
DA:227,0
DA:228,0
DA:229,0
DA:230,0
DA:235,0
DA:236,0
DA:237,0
DA:242,0
DA:243,0
DA:244,0
DA:245,0
DA:250,0
DA:252,0
DA:253,0
DA:254,0
DA:256,0
DA:257,0
DA:259,0
DA:262,0
DA:266,0
DA:275,0
LF:44
LH:0
BRDA:238,0,0,0
BRDA:238,0,1,0
BRDA:239,1,0,0
BRDA:239,1,1,0
BRDA:252,2,0,0
BRDA:252,2,1,0
BRDA:252,3,0,0
BRDA:252,3,1,0
BRDA:256,4,0,0
BRDA:256,4,1,0
BRF:10
BRH:0
end_of_record
TN:
SF:validators/VoteValidator.js
FN:96,(anonymous_0)
FN:109,(anonymous_1)
FN:123,(anonymous_2)
FN:188,(anonymous_3)
FN:201,(anonymous_4)
FN:215,(anonymous_5)
FN:236,(anonymous_6)
FN:247,(anonymous_7)
FN:274,(anonymous_8)
FN:286,(anonymous_9)
FN:298,(anonymous_10)
FN:320,(anonymous_11)
FN:341,(anonymous_12)
FN:348,(anonymous_13)
FN:355,(anonymous_14)
FN:359,(anonymous_15)
FN:371,(anonymous_16)
FN:375,(anonymous_17)
FNF:18
FNH:0
FNDA:0,(anonymous_0)
FNDA:0,(anonymous_1)
FNDA:0,(anonymous_2)
FNDA:0,(anonymous_3)
FNDA:0,(anonymous_4)
FNDA:0,(anonymous_5)
FNDA:0,(anonymous_6)
FNDA:0,(anonymous_7)
FNDA:0,(anonymous_8)
FNDA:0,(anonymous_9)
FNDA:0,(anonymous_10)
FNDA:0,(anonymous_11)
FNDA:0,(anonymous_12)
FNDA:0,(anonymous_13)
FNDA:0,(anonymous_14)
FNDA:0,(anonymous_15)
FNDA:0,(anonymous_16)
FNDA:0,(anonymous_17)
DA:3,0
DA:5,0
DA:60,0
DA:97,0
DA:99,0
DA:100,0
DA:103,0
DA:104,0
DA:105,0
DA:108,0
DA:109,0
DA:115,0
DA:124,0
DA:129,0
DA:136,0
DA:143,0
DA:171,0
DA:189,0
DA:191,0
DA:192,0
DA:195,0
DA:196,0
DA:197,0
DA:200,0
DA:201,0
DA:216,0
DA:217,0
DA:222,0
DA:227,0
DA:229,0
DA:230,0
DA:231,0
DA:232,0
DA:237,0
DA:238,0
DA:243,0
DA:244,0
DA:248,0
DA:252,0
DA:257,0
DA:262,0
DA:264,0
DA:265,0
DA:266,0
DA:270,0
DA:275,0
DA:276,0
DA:277,0
DA:279,0
DA:280,0
DA:281,0
DA:282,0
DA:287,0
DA:288,0
DA:289,0
DA:291,0
DA:292,0
DA:293,0
DA:294,0
DA:299,0
DA:300,0
DA:313,0
DA:314,0
DA:315,0
DA:316,0
DA:321,0
DA:322,0
DA:327,0
DA:332,0
DA:334,0
DA:335,0
DA:336,0
DA:337,0
DA:342,0
DA:343,0
DA:344,0
DA:347,0
DA:349,0
DA:352,0
DA:356,0
DA:358,0
DA:359,0
DA:360,0
DA:362,0
DA:363,0
DA:365,0
DA:368,0
DA:372,0
DA:376,0
DA:387,0
LF:90
LH:0
BRDA:99,0,0,0
BRDA:99,0,1,0
BRDA:99,1,0,0
BRDA:99,1,1,0
BRDA:104,2,0,0
BRDA:104,2,1,0
BRDA:191,3,0,0
BRDA:191,3,1,0
BRDA:191,4,0,0
BRDA:191,4,1,0
BRDA:196,5,0,0
BRDA:196,5,1,0
BRDA:244,6,0,0
BRDA:244,6,1,0
BRDA:245,7,0,0
BRDA:245,7,1,0
BRDA:267,8,0,0
BRDA:267,8,1,0
BRDA:302,9,0,0
BRDA:302,9,1,0
BRDA:303,10,0,0
BRDA:303,10,1,0
BRDA:343,11,0,0
BRDA:343,11,1,0
BRDA:352,12,0,0
BRDA:352,12,1,0
BRDA:358,13,0,0
BRDA:358,13,1,0
BRDA:358,14,0,0
BRDA:358,14,1,0
BRDA:362,15,0,0
BRDA:362,15,1,0
BRF:32
BRH:0
end_of_record
